47.537 0 0 -2.4812e-08 7.5e-05
94.896 0 0 -9.94983e-08 0.00015
142.076 0 0 -2.24437e-07 0.000225
189.075 0 0 -4.00013e-07 0.0003
235.893 0 0 -6.26615e-07 0.000375
282.528 0 0 -9.04638e-07 0.00045
328.979 0 0 -1.23448e-06 0.000525
375.244 0 0 -1.61655e-06 0.0006
421.323 0 0 -2.05125e-06 0.000675
467.214 0 0 -2.53901e-06 0.00075
512.915 0 0 -3.08025e-06 0.000825
558.425 0 0 -3.67539e-06 0.0009
589.11 0 0 -7.389e-07 0.000975
606.293 0 0 5.43417e-06 0.00105
623.409 0 0 1.15764e-05 0.001125
616.019 0 0 2.50483e-05 0.0012
601.188 0 0 4.06571e-05 0.001275
586.33 0 0 5.62947e-05 0.00135
535.462 0 0 8.44787e-05 0.001425
474.704 0 0 0.000115979 0.0015
450.444 0 0 0.000137768 0.001575
398.747 0 0 0.000172638 0.00165
358.313 0 0 0.000204456 0.001725
340.418 0 0 0.000228456 0.0018
322.522 0 0 0.000252456 0.001875
282.956 0 0 0.000290608 0.00195
264.868 0 0 0.000319608 0.002025
246.78 0 0 0.000348608 0.0021
228.692 0 0 0.000377608 0.002175
215.519 0 0 0.000403919 0.00225
214.797 0 0 0.000423419 0.002325
198.99 0 0 0.000457173 0.0024
180.71 0 0 0.000493316 0.002475
162.526 0 0 0.000529316 0.00255
146.202 0 0 0.000563828 0.002625
144.277 0 0 0.000586828 0.0027
142.353 0 0 0.000609828 0.002775
140.429 0 0 0.000632828 0.00285
138.505 0 0 0.000655828 0.002925
136.58 0 0 0.000678828 0.003
131.444 0 0 0.000706598 0.003075
110.662 0 0 0.000757598 0.00315
95.2697 0 0 0.000801595 0.003225
92.9606 0 0 0.000828595 0.0033
90.6515 0 0 0.000855595 0.003375
88.3423 0 0 0.000882595 0.00345
86.0332 0 0 0.000909595 0.003525
83.7241 0 0 0.000936595 0.0036
81.415 0 0 0.000963595 0.003675
79.1059 0 0 0.000990595 0.00375
76.7967 0 0 0.0010176 0.003825
74.4876 0 0 0.0010446 0.0039
72.1785 0 0 0.0010716 0.003975
69.8694 0 0 0.0010986 0.00405
67.5603 0 0 0.0011256 0.004125
65.2511 0 0 0.0011526 0.0042
63.5625 0 0 0.00117846 0.004275
62.2254 0 0 0.00120846 0.00435
59.9163 0 0 0.00124146 0.004425
57.6072 0 0 0.00127446 0.0045
55.298 0 0 0.00130746 0.004575
52.9889 0 0 0.00134046 0.00465
50.6798 0 0 0.00137346 0.004725
48.3707 0 0 0.00140646 0.0048
46.0616 0 0 0.00143946 0.004875
43.7524 0 0 0.00147246 0.00495
41.4433 0 0 0.00150546 0.005025
39.1342 0 0 0.00153846 0.0051
36.8251 0 0 0.00157146 0.005175
34.516 0 0 0.00160446 0.00525
32.2068 0 0 0.00163746 0.005325
29.8977 0 0 0.00167046 0.0054
27.5886 0 0 0.00170346 0.005475
25.2795 0 0 0.00173646 0.00555
22.9704 0 0 0.00176946 0.005625
21.2417 0 0 0.00180045 0.0057
21.5303 0 0 0.00182445 0.005775
21.819 0 0 0.00184845 0.00585
22.1076 0 0 0.00187245 0.005925
22.3963 0 0 0.00189645 0.006
22.6849 0 0 0.00192045 0.006075
22.9735 0 0 0.00194445 0.00615
23.2622 0 0 0.00196845 0.006225
23.5508 0 0 0.00199245 0.0063
23.8395 0 0 0.00201645 0.006375
24.1281 0 0 0.00204045 0.00645
24.4167 0 0 0.00206445 0.006525
24.7054 0 0 0.00208845 0.0066
24.994 0 0 0.00211245 0.006675
25.2827 0 0 0.00213645 0.00675
25.5713 0 0 0.00216045 0.006825
25.8599 0 0 0.00218445 0.0069
26.1486 0 0 0.00220845 0.006975
26.4372 0 0 0.00223245 0.00705
26.7259 0 0 0.00225645 0.007125
27.0145 0 0 0.00228045 0.0072
27.3031 0 0 0.00230445 0.007275
27.5918 0 0 0.00232845 0.00735
27.8804 0 0 0.00235245 0.007425
28.1691 0 0 0.00237645 0.0075
28.4577 0 0 0.00240045 0.007575
28.7463 0 0 0.00242445 0.00765
29.035 0 0 0.00244845 0.007725
29.3236 0 0 0.00247245 0.0078
29.6123 0 0 0.00249645 0.007875
29.9009 0 0 0.00252045 0.00795
30.1895 0 0 0.00254445 0.008025
30.4782 0 0 0.00256845 0.0081
30.7668 0 0 0.00259245 0.008175
31.0555 0 0 0.00261645 0.00825
31.3441 0 0 0.00264045 0.008325
31.6327 0 0 0.00266445 0.0084
31.9214 0 0 0.00268845 0.008475
